  Agent.cpp
  Camera2D.cpp
  Error.cpp
  GLS_Program.cpp
  Human.cpp
  ImageLoader.cpp
C:\Users\josey\Downloads\FundamentosTA02\fundamentos\PapuEngine\ImageLoader.cpp(36,19): warning C4244:  '=': conversión de 'unsigned long' a 'float'; posible pérdida de datos
  InputManager.cpp
  IOManager.cpp
C:\Users\josey\Downloads\FundamentosTA02\fundamentos\PapuEngine\ImageLoader.cpp(37,18): warning C4244:  '=': conversión de 'unsigned long' a 'float'; posible pérdida de datos
C:\Users\josey\Downloads\FundamentosTA02\fundamentos\PapuEngine\IOManager.cpp(15,15): warning C4244:  'inicializando': conversión de 'std::streamoff' a 'int'; posible pérdida de datos
  Level.cpp
C:\Users\josey\Downloads\FundamentosTA02\fundamentos\PapuEngine\IOManager.cpp(18,26): warning C4244:  '-=': conversión de 'std::streamoff' a 'int'; posible pérdida de datos
C:\Users\josey\Downloads\FundamentosTA02\fundamentos\PapuEngine\Level.cpp(37,25): warning C4244:  '=': conversión de 'size_t' a 'T'; posible pérdida de datos
C:\Users\josey\Downloads\FundamentosTA02\fundamentos\PapuEngine\Level.cpp(37,25): warning C4244:         with
C:\Users\josey\Downloads\FundamentosTA02\fundamentos\PapuEngine\Level.cpp(37,25): warning C4244:         [
C:\Users\josey\Downloads\FundamentosTA02\fundamentos\PapuEngine\Level.cpp(37,25): warning C4244:             T=float
C:\Users\josey\Downloads\FundamentosTA02\fundamentos\PapuEngine\Level.cpp(37,25): warning C4244:         ]
C:\Users\josey\Downloads\FundamentosTA02\fundamentos\PapuEngine\Level.cpp(38,25): warning C4244:  '=': conversión de 'size_t' a 'T'; posible pérdida de datos
C:\Users\josey\Downloads\FundamentosTA02\fundamentos\PapuEngine\Level.cpp(38,25): warning C4244:         with
C:\Users\josey\Downloads\FundamentosTA02\fundamentos\PapuEngine\Level.cpp(38,25): warning C4244:         [
C:\Users\josey\Downloads\FundamentosTA02\fundamentos\PapuEngine\Level.cpp(38,25): warning C4244:             T=float
C:\Users\josey\Downloads\FundamentosTA02\fundamentos\PapuEngine\Level.cpp(38,25): warning C4244:         ]
C:\Users\josey\Downloads\FundamentosTA02\fundamentos\PapuEngine\Level.cpp(44,15): warning C4244:  '=': conversión de 'size_t' a 'T'; posible pérdida de datos
C:\Users\josey\Downloads\FundamentosTA02\fundamentos\PapuEngine\Level.cpp(44,15): warning C4244:         with
C:\Users\josey\Downloads\FundamentosTA02\fundamentos\PapuEngine\Level.cpp(44,15): warning C4244:         [
C:\Users\josey\Downloads\FundamentosTA02\fundamentos\PapuEngine\Level.cpp(44,15): warning C4244:             T=float
C:\Users\josey\Downloads\FundamentosTA02\fundamentos\PapuEngine\Level.cpp(44,15): warning C4244:         ]
  main.cpp
C:\Users\josey\Downloads\FundamentosTA02\fundamentos\PapuEngine\Level.cpp(45,15): warning C4244:  '=': conversión de 'size_t' a 'T'; posible pérdida de datos
C:\Users\josey\Downloads\FundamentosTA02\fundamentos\PapuEngine\Level.cpp(45,15): warning C4244:         with
C:\Users\josey\Downloads\FundamentosTA02\fundamentos\PapuEngine\Level.cpp(45,15): warning C4244:         [
C:\Users\josey\Downloads\FundamentosTA02\fundamentos\PapuEngine\Level.cpp(45,15): warning C4244:             T=float
C:\Users\josey\Downloads\FundamentosTA02\fundamentos\PapuEngine\Level.cpp(45,15): warning C4244:         ]
C:\Users\josey\Downloads\FundamentosTA02\fundamentos\PapuEngine\SpriteGenerator.h(6,27): warning C4244:  'inicializando': conversión de 'float' a 'int'; posible pérdida de datos
  MainGame.cpp
C:\Users\josey\Downloads\FundamentosTA02\fundamentos\PapuEngine\SpriteGenerator.h(7,41): warning C4244:  'inicializando': conversión de 'float' a 'int'; posible pérdida de datos
C:\Users\josey\Downloads\FundamentosTA02\fundamentos\PapuEngine\SpriteGenerator.h(6,27): warning C4244:  'inicializando': conversión de 'float' a 'int'; posible pérdida de datos
C:\Users\josey\Downloads\FundamentosTA02\fundamentos\PapuEngine\SpriteGenerator.h(7,41): warning C4244:  'inicializando': conversión de 'float' a 'int'; posible pérdida de datos
C:\Users\josey\Downloads\FundamentosTA02\fundamentos\PapuEngine\MainGame.cpp(40,32): warning C4244:  'argumento': conversión de 'time_t' a 'unsigned int'; posible pérdida de datos
C:\Users\josey\Downloads\FundamentosTA02\fundamentos\PapuEngine\MainGame.cpp(29,10): warning C4101:  'zombie': variable local sin referencia
C:\Users\josey\Downloads\FundamentosTA02\fundamentos\PapuEngine\MainGame.cpp(111,61): warning C4244:  'argumento': conversión de 'Sint32' a 'float'; posible pérdida de datos
C:\Users\josey\Downloads\FundamentosTA02\fundamentos\PapuEngine\MainGame.cpp(111,45): warning C4244:  'argumento': conversión de 'Sint32' a 'float'; posible pérdida de datos
C:\Users\josey\Downloads\FundamentosTA02\fundamentos\PapuEngine\MainGame.cpp(159,33): warning C4305:  'inicializando': truncamiento de 'double' a 'float'
  PapuEngine.cpp
  picoPNG.cpp
  Player.cpp
  ResourceManager.cpp
  Sprite.cpp
  SpriteBacth.cpp
C:\Users\josey\Downloads\FundamentosTA02\fundamentos\PapuEngine\MainGame.cpp(162,32): warning C4244:  'argumento': conversión de 'time_t' a 'unsigned int'; posible pérdida de datos
C:\Users\josey\Downloads\FundamentosTA02\fundamentos\PapuEngine\SpriteBacth.cpp(15,20): warning C4018:  '<': no coinciden signed/unsigned
C:\Users\josey\Downloads\FundamentosTA02\fundamentos\PapuEngine\SpriteBacth.cpp(44,22): warning C4018:  '<': no coinciden signed/unsigned
  SpriteGenerator.cpp
C:\Users\josey\Downloads\FundamentosTA02\fundamentos\PapuEngine\SpriteBacth.cpp(72,20): warning C4018:  '<': no coinciden signed/unsigned
C:\Users\josey\Downloads\FundamentosTA02\fundamentos\PapuEngine\SpriteGenerator.h(6,27): warning C4244:  'inicializando': conversión de 'float' a 'int'; posible pérdida de datos
  TextureCache.cpp
  Window.cpp
  Generando código...
  Compilando...
  Zombie.cpp
  Generando código...
C:\Users\josey\Downloads\FundamentosTA02\fundamentos\PapuEngine\SpriteGenerator.h(7,41): warning C4244:  'inicializando': conversión de 'float' a 'int'; posible pérdida de datos
  PapuEngine.vcxproj -> C:\Users\josey\Downloads\FundamentosTA02\fundamentos\Debug\PapuEngine.exe
